<?xml version="1.0" encoding="UTF-8"?>
<testng-results ignored="0" total="1" passed="1" failed="0" skipped="0">
  <reporter-output>
  </reporter-output>
  <suite started-at="2023-11-08T10:35:19 IST" name="Default suite" finished-at="2023-11-08T10:35:19 IST" duration-ms="36">
    <groups>
    </groups>
    <test started-at="2023-11-08T10:35:19 IST" name="Default test" finished-at="2023-11-08T10:35:19 IST" duration-ms="36">
      <class name="testngremote.FirstprogramDay51">
        <test-method signature="TestCase1()[pri:0, instance:testngremote.FirstprogramDay51@759d26fb]" started-at="2023-11-08T10:35:19 IST" name="TestCase1" finished-at="2023-11-08T10:35:19 IST" duration-ms="8" status="PASS">
          <reporter-output>
          </reporter-output>
        </test-method> <!-- TestCase1 -->
      </class> <!-- testngremote.FirstprogramDay51 -->
    </test> <!-- Default test -->
  </suite> <!-- Default suite -->
</testng-results>
